<?xml version="1.0" encoding="UTF-8"?>
<!-- Generated by org.testng.reporters.JUnitReportReporter -->
<testsuite hostname="JAYA" failures="0" tests="1" name="com.flipkart.FlipkartTesting" time="31.653" errors="0" timestamp="2022-10-12T16:19:54 IST" skipped="0">
  <testcase classname="com.flipkart.FlipkartTesting" name="flipkart" time="31.653"/>
  <system-out/>
</testsuite> <!-- com.flipkart.FlipkartTesting -->
